0 info it worked if it ends with ok
1 verbose cli [ 'E:\\P_Tools\\node.js\\node.exe',
1 verbose cli   'E:\\P_Tools\\node.js\\node_modules\\npm\\bin\\npm-cli.js',
1 verbose cli   'start' ]
2 info using npm@3.3.12
3 info using node@v5.3.0
4 verbose run-script [ 'prestart', 'start', 'poststart' ]
5 info lifecycle chatRoom@1.0.0~prestart: chatRoom@1.0.0
6 silly lifecycle chatRoom@1.0.0~prestart: no script for prestart, continuing
7 info lifecycle chatRoom@1.0.0~start: chatRoom@1.0.0
8 verbose lifecycle chatRoom@1.0.0~start: unsafe-perm in lifecycle true
9 verbose lifecycle chatRoom@1.0.0~start: PATH: E:\P_Tools\node.js\node_modules\npm\bin\node-gyp-bin;F:\webStudy\node-study\chatRoom\node_modules\.bin;C:\ProgramData\Oracle\Java\javapath;C:\Program Files\Common Files\Microsoft Shared\Windows Live;C:\Program Files (x86)\Common Files\Microsoft Shared\Windows Live;E:\P_Tools\Ruby\Ruby23-x64\bin;C:\Program Files (x86)\Intel\iCLS Client\;C:\Program Files\Intel\iCLS Client\;C:\Windows\system32;C:\Windows;C:\Windows\System32\Wbem;C:\Windows\System32\WindowsPowerShell\v1.0\;C:\Program Files (x86)\Intel\Intel(R) Management Engine Components\DAL;C:\Program Files\Intel\Intel(R) Management Engine Components\DAL;C:\Program Files (x86)\Intel\Intel(R) Management Engine Components\IPT;C:\Program Files\Intel\Intel(R) Management Engine Components\IPT;E:\P_Tools\MySQL 5.6\bin;E:\P_Tools\nginx-1.8.1;E:\P_Tools\PHP\php-5.6.20-nts-Win32-VC11-x86;C:\Program Files\Microsoft\Web Platform Installer\;C:\Program Files (x86)\Microsoft ASP.NET\ASP.NET Web Pages\v1.0\;C:\Program Files (x86)\Windows Kits\8.0\Windows Performance Toolkit\;C:\Program Files\Microsoft SQL Server\110\Tools\Binn\;E:\P_Tools\node.js\;E:\P_Tools\Diffuse\Diffuse1;C:\Program Files (x86)\IDM Computer Solutions\UltraEdit;C:\Program Files\IDM Computer Solutions\UltraCompare;C:\Program Files (x86)\Windows Live\Shared;C:\Program Files (x86)\NVIDIA Corporation\PhysX\Common;C:\Program Files (x86)\Bitvise SSH Client;C:\Users\Administrator\AppData\Roaming\npm;E:\P_Tools\Python2.7;E:\P_Tools\node.js\node_modules\npm\bin\;C:\Users\Administrator\AppData\Local\atom\bin;E:\P_Tools\Python2.7\Scripts
10 verbose lifecycle chatRoom@1.0.0~start: CWD: F:\webStudy\node-study\chatRoom
11 silly lifecycle chatRoom@1.0.0~start: Args: [ '/d /s /c', 'node server.js' ]
12 silly lifecycle chatRoom@1.0.0~start: Returned: code: 1  signal: null
13 info lifecycle chatRoom@1.0.0~start: Failed to exec start script
14 verbose stack Error: chatRoom@1.0.0 start: `node server.js`
14 verbose stack Exit status 1
14 verbose stack     at EventEmitter.<anonymous> (E:\P_Tools\node.js\node_modules\npm\lib\utils\lifecycle.js:232:16)
14 verbose stack     at emitTwo (events.js:87:13)
14 verbose stack     at EventEmitter.emit (events.js:172:7)
14 verbose stack     at ChildProcess.<anonymous> (E:\P_Tools\node.js\node_modules\npm\lib\utils\spawn.js:24:14)
14 verbose stack     at emitTwo (events.js:87:13)
14 verbose stack     at ChildProcess.emit (events.js:172:7)
14 verbose stack     at maybeClose (internal/child_process.js:818:16)
14 verbose stack     at Process.ChildProcess._handle.onexit (internal/child_process.js:211:5)
15 verbose pkgid chatRoom@1.0.0
16 verbose cwd F:\webStudy\node-study\chatRoom
17 error Windows_NT 6.1.7601
18 error argv "E:\\P_Tools\\node.js\\node.exe" "E:\\P_Tools\\node.js\\node_modules\\npm\\bin\\npm-cli.js" "start"
19 error node v5.3.0
20 error npm  v3.3.12
21 error code ELIFECYCLE
22 error chatRoom@1.0.0 start: `node server.js`
22 error Exit status 1
23 error Failed at the chatRoom@1.0.0 start script 'node server.js'.
23 error Make sure you have the latest version of node.js and npm installed.
23 error If you do, this is most likely a problem with the chatRoom package,
23 error not with npm itself.
23 error Tell the author that this fails on your system:
23 error     node server.js
23 error You can get their info via:
23 error     npm owner ls chatRoom
23 error There is likely additional logging output above.
24 verbose exit [ 1, true ]
